#
# There is insufficient memory for the Java Runtime Environment to continue.
# Native memory allocation (malloc) failed to allocate 1048576 bytes for AllocateHeap
# Possible reasons:
#   The system is out of physical RAM or swap space
#   In 32 bit mode, the process size limit was hit
# Possible solutions:
#   Reduce memory load on the system
#   Increase physical memory or swap space
#   Check if swap backing store is full
#   Use 64 bit Java on a 64 bit OS
#   Decrease Java heap size (-Xmx/-Xms)
#   Decrease number of Java threads
#   Decrease Java thread stack sizes (-Xss)
#   Set larger code cache with -XX:ReservedCodeCacheSize=
# This output file may be truncated or incomplete.
#
#  Out of Memory Error (memory/allocation.inline.hpp:61), pid=17648, tid=0x0000000000007738
#
# JRE version:  (8.0) (build )
# Java VM: OpenJDK 64-Bit Server VM (25.71-b00 mixed mode windows-amd64 compressed oops)
# Failed to write core dump. Minidumps are not enabled by default on client versions of Windows
#

---------------  T H R E A D  ---------------

Current thread (0x0000000002763800):  JavaThread "Unknown thread" [_thread_in_vm, id=30520, stack(0x0000000002600000,0x0000000002700000)]

Stack: [0x0000000002600000,0x0000000002700000]
[error occurred during error reporting (printing stack bounds), id 0xc0000005]

Native frames: (J=compiled Java code, j=interpreted, Vv=VM code, C=native code)


---------------  P R O C E S S  ---------------

Java Threads: ( => current thread )

Other Threads:

=>0x0000000002763800 (exited) JavaThread "Unknown thread" [_thread_in_vm, id=30520, stack(0x0000000002600000,0x0000000002700000)]

VM state:not at safepoint (normal execution)

VM Mutex/Monitor currently owned by a thread: None

Heap:
 PSYoungGen      total 152576K, used 2621K [0x0000000716000000, 0x0000000720a00000, 0x00000007c0000000)
  eden space 131072K, 2% used [0x0000000716000000,0x000000071628f5d0,0x000000071e000000)
  from space 21504K, 0% used [0x000000071f500000,0x000000071f500000,0x0000000720a00000)
  to   space 21504K, 0% used [0x000000071e000000,0x000000071e000000,0x000000071f500000)
 ParOldGen       total 348160K, used 0K [0x00000005c2000000, 0x00000005d7400000, 0x0000000716000000)
  object space 348160K, 0% used [0x00000005c2000000,0x00000005c2000000,0x00000005d7400000)
 Metaspace       used 777K, capacity 4480K, committed 4480K, reserved 1056768K
  class space    used 74K, capacity 384K, committed 384K, reserved 1048576K

Card table byte_map: [0x0000000011ca0000,0x0000000012ca0000] byte_map_base: 0x000000000ee90000

Marking Bits: (ParMarkBitMap*) 0x000000006a7cbe50
 Begin Bits: [0x0000000013f40000, 0x000000001bec0000)
 End Bits:   [0x000000001bec0000, 0x0000000023e40000)

Polling page: 0x0000000000d90000

CodeCache: size=245760Kb used=328Kb max_used=328Kb free=245431Kb
 bounds [0x00000000028e0000, 0x0000000002b50000, 0x00000000118e0000]
 total_blobs=57 nmethods=0 adapters=38
 compilation: enabled

Compilation events (0 events):
No events

GC Heap History (0 events):
No events

Deoptimization events (0 events):
No events

Classes redefined (0 events):
No events

Internal exceptions (0 events):
No events

Events (10 events):
Event: 0.014 loading class java/lang/Short
Event: 0.014 loading class java/lang/Short done
Event: 0.014 loading class java/lang/Integer
Event: 0.014 loading class java/lang/Integer done
Event: 0.014 loading class java/lang/Long
Event: 0.014 loading class java/lang/Long done
Event: 0.014 loading class java/lang/NullPointerException
Event: 0.014 loading class java/lang/NullPointerException done
Event: 0.014 loading class java/lang/ArithmeticException
Event: 0.014 loading class java/lang/ArithmeticException done


Dynamic libraries:
0x00007ff77a480000 - 0x00007ff77a4b5000 	C:\Program Files\Unity 2018.3.8f1\Editor\Data\PlaybackEngines\AndroidPlayer\Tools\OpenJDK\Windows\bin\java.exe
0x00007ffebebe0000 - 0x00007ffebedc1000 	C:\WINDOWS\SYSTEM32\ntdll.dll
0x00007ffebe3a0000 - 0x00007ffebe452000 	C:\WINDOWS\System32\KERNEL32.DLL
0x00007ffebbdf0000 - 0x00007ffebc063000 	C:\WINDOWS\System32\KERNELBASE.dll
0x00007ffebe6e0000 - 0x00007ffebe781000 	C:\WINDOWS\System32\ADVAPI32.dll
0x00007ffebc6a0000 - 0x00007ffebc73e000 	C:\WINDOWS\System32\msvcrt.dll
0x00007ffebc7b0000 - 0x00007ffebc80b000 	C:\WINDOWS\System32\sechost.dll
0x00007ffebc090000 - 0x00007ffebc1b4000 	C:\WINDOWS\System32\RPCRT4.dll
0x00007ffebe210000 - 0x00007ffebe3a0000 	C:\WINDOWS\System32\USER32.dll
0x00007ffebb420000 - 0x00007ffebb440000 	C:\WINDOWS\System32\win32u.dll
0x00007ffebc220000 - 0x00007ffebc248000 	C:\WINDOWS\System32\GDI32.dll
0x00007ffebb100000 - 0x00007ffebb292000 	C:\WINDOWS\System32\gdi32full.dll
0x00007ffebb060000 - 0x00007ffebb0ff000 	C:\WINDOWS\System32\msvcp_win.dll
0x00007ffebb320000 - 0x00007ffebb41a000 	C:\WINDOWS\System32\ucrtbase.dll
0x00007ffeaaf40000 - 0x00007ffeab1a9000 	C:\WINDOWS\WinSxS\amd64_microsoft.windows.common-controls_6595b64144ccf1df_6.0.17134.376_none_fb439a3730647da2\COMCTL32.dll
0x00007ffebdd00000 - 0x00007ffebe023000 	C:\WINDOWS\System32\combase.dll
0x00007ffebb2a0000 - 0x00007ffebb31a000 	C:\WINDOWS\System32\bcryptPrimitives.dll
0x00007ffebdcd0000 - 0x00007ffebdcfd000 	C:\WINDOWS\System32\IMM32.DLL
0x000000006a850000 - 0x000000006a922000 	C:\Program Files\Unity 2018.3.8f1\Editor\Data\PlaybackEngines\AndroidPlayer\Tools\OpenJDK\Windows\jre\bin\msvcr100.dll
0x000000006a000000 - 0x000000006a849000 	C:\Program Files\Unity 2018.3.8f1\Editor\Data\PlaybackEngines\AndroidPlayer\Tools\OpenJDK\Windows\jre\bin\server\jvm.dll
0x00007ffebe6d0000 - 0x00007ffebe6d8000 	C:\WINDOWS\System32\PSAPI.DLL
0x00007ffeb9280000 - 0x00007ffeb9289000 	C:\WINDOWS\SYSTEM32\WSOCK32.dll
0x00007ffeb91e0000 - 0x00007ffeb9203000 	C:\WINDOWS\SYSTEM32\WINMM.dll
0x00007ffeb6300000 - 0x00007ffeb630a000 	C:\WINDOWS\SYSTEM32\VERSION.dll
0x00007ffebc740000 - 0x00007ffebc7ac000 	C:\WINDOWS\System32\WS2_32.dll
0x00007ffeb91a0000 - 0x00007ffeb91ca000 	C:\WINDOWS\SYSTEM32\winmmbase.dll
0x00007ffebb690000 - 0x00007ffebb6d9000 	C:\WINDOWS\System32\cfgmgr32.dll
0x00007ffeadbe0000 - 0x00007ffeadbef000 	C:\Program Files\Unity 2018.3.8f1\Editor\Data\PlaybackEngines\AndroidPlayer\Tools\OpenJDK\Windows\jre\bin\verify.dll
0x00007ffea6e20000 - 0x00007ffea6e49000 	C:\Program Files\Unity 2018.3.8f1\Editor\Data\PlaybackEngines\AndroidPlayer\Tools\OpenJDK\Windows\jre\bin\java.dll
0x00007ffea66e0000 - 0x00007ffea66f6000 	C:\Program Files\Unity 2018.3.8f1\Editor\Data\PlaybackEngines\AndroidPlayer\Tools\OpenJDK\Windows\jre\bin\zip.dll

VM Arguments:
jvm_args: -Dcom.android.sdkmanager.toolsdir=C:\Program Files\Android\Sdk\tools\bin\\.. 
java_command: com.android.sdklib.tool.AvdManagerCli list target -c
java_class_path (initial): C:\Program Files\Android\Sdk\tools\bin\..\lib\dvlib-26.0.0-dev.jar;C:\Program Files\Android\Sdk\tools\bin\..\lib\jimfs-1.1.jar;C:\Program Files\Android\Sdk\tools\bin\..\lib\jsr305-1.3.9.jar;C:\Program Files\Android\Sdk\tools\bin\..\lib\repository-26.0.0-dev.jar;C:\Program Files\Android\Sdk\tools\bin\..\lib\j2objc-annotations-1.1.jar;C:\Program Files\Android\Sdk\tools\bin\..\lib\layoutlib-api-26.0.0-dev.jar;C:\Program Files\Android\Sdk\tools\bin\..\lib\gson-2.3.jar;C:\Program Files\Android\Sdk\tools\bin\..\lib\httpcore-4.2.5.jar;C:\Program Files\Android\Sdk\tools\bin\..\lib\commons-logging-1.1.1.jar;C:\Program Files\Android\Sdk\tools\bin\..\lib\commons-compress-1.12.jar;C:\Program Files\Android\Sdk\tools\bin\..\lib\annotations-26.0.0-dev.jar;C:\Program Files\Android\Sdk\tools\bin\..\lib\error_prone_annotations-2.0.18.jar;C:\Program Files\Android\Sdk\tools\bin\..\lib\animal-sniffer-annotations-1.14.jar;C:\Program Files\Android\Sdk\tools\bin\..\lib\httpclient-4.2.6.jar;C:\Program Files\Android\Sdk\tools\bin\..\lib\commons-codec-1.6.jar;C:\Program Files\Android\Sdk\tools\bin\..\lib\common-26.0.0-dev.jar;C:\Program Files\Android\Sdk\tools\bin\..\lib\kxml2-2.3.0.jar;C:\Program Files\Android\Sdk\tools\bin\..\lib\httpmime-4.1.jar;C:\Program Files\Android\Sdk\tools\bin\..\lib\annotations-12.0.jar;C:\Program Files\Android\Sdk\tools\bin\..\lib\sdklib-26.0.0-dev.jar;C:\Program Files\Android\Sdk\tools\bin\..\lib\guava-22.0.jar
Launcher Type: SUN_STANDARD

Environment Variables:
JAVA_HOME=C:\Program Files\Unity 2018.3.8f1\Editor\Data\PlaybackEngines\AndroidPlayer/Tools\OpenJDK\Windows
CLASSPATH=C:\Program Files\Android\Sdk\tools\bin\..\lib\dvlib-26.0.0-dev.jar;C:\Program Files\Android\Sdk\tools\bin\..\lib\jimfs-1.1.jar;C:\Program Files\Android\Sdk\tools\bin\..\lib\jsr305-1.3.9.jar;C:\Program Files\Android\Sdk\tools\bin\..\lib\repository-26.0.0-dev.jar;C:\Program Files\Android\Sdk\tools\bin\..\lib\j2objc-annotations-1.1.jar;C:\Program Files\Android\Sdk\tools\bin\..\lib\layoutlib-api-26.0.0-dev.jar;C:\Program Files\Android\Sdk\tools\bin\..\lib\gson-2.3.jar;C:\Program Files\Android\Sdk\tools\bin\..\lib\httpcore-4.2.5.jar;C:\Program Files\Android\Sdk\tools\bin\..\lib\commons-logging-1.1.1.jar;C:\Program Files\Android\Sdk\tools\bin\..\lib\commons-compress-1.12.jar;C:\Program Files\Android\Sdk\tools\bin\..\lib\annotations-26.0.0-dev.jar;C:\Program Files\Android\Sdk\tools\bin\..\lib\error_prone_annotations-2.0.18.jar;C:\Program Files\Android\Sdk\tools\bin\..\lib\animal-sniffer-annotations-1.14.jar;C:\Program Files\Android\Sdk\tools\bin\..\lib\httpclient-4.2.6.jar;C:\Program Files\Android\Sdk\tools\bin\..\lib\commons-codec-1.6.jar;C:\Program Files\Android\Sdk\tools\bin\..\lib\common-26.0.0-dev.jar;C:\Program Files\Android\Sdk\tools\bin\..\lib\kxml2-2.3.0.jar;C:\Program Files\Android\Sdk\tools\bin\..\lib\httpmime-4.1.jar;C:\Program Files\Android\Sdk\tools\bin\..\lib\annotations-12.0.jar;C:\Program Files\Android\Sdk\tools\bin\..\lib\sdklib-26.0.0-dev.jar;C:\Program Files\Android\Sdk\tools\bin\..\lib\guava-22.0.jar
PATH=C:\Program Files (x86)\Common Files\Oracle\Java\javapath;C:\WINDOWS\system32;C:\WINDOWS;C:\WINDOWS\System32\Wbem;C:\WINDOWS\System32\WindowsPowerShell\v1.0\;C:\WINDOWS\System32\OpenSSH\;C:\Program Files (x86)\NVIDIA Corporation\PhysX\Common;C:\Program Files\Common Files\Autodesk Shared\;C:\Program Files (x86)\Autodesk\Backburner\;C:\Program Files\dotnet\;C:\Program Files\Microsoft SQL Server\130\Tools\Binn\;C:\Program Files\Autodesk\Maya2018\bin;C:\Program Files\Autodesk\Maya2018\plug-ins\xgen\lib;C:\Windows\System32\Webm;C:\Program Files\Autodesk\Maya2018\plug-ins\xgen\bin;C:\Program Files\Autodesk\Maya2018\lib;C:\Program Files\Pixar\RenderManProServer-21.6\lib;C:\Program Files\Git\cmd;C:\Program Files\TortoiseSVN\bin;C:\ProgramData\Oracle\Java\javapath;;C:\WINDOWS\System32\WindowsPowerShell\v1.0\;C:\Program Files (x86)\GtkSharp\2.12\bin;C:\Program Files (x86)\Visual Leak Detector\bin\Win32;C:\Program Files (x86)\Visual Leak Detector\bin\Win64;C:\Program Files\Common Files\Autodesk Shared\;C:\Program Files\Perforce\;C:\Program Files (x86)\QuickTime\QTSystem\;C:\Users\s181194\AppData\Local\Microsoft\WindowsApps;
USERNAME=s181194
OS=Windows_NT
PROCESSOR_IDENTIFIER=Intel64 Family 6 Model 60 Stepping 3, GenuineIntel



---------------  S Y S T E M  ---------------

OS: Windows 10.0 , 64 bit Build 17134 (10.0.17134.1)

CPU:total 8 (initial active 8) (4 cores per cpu, 2 threads per core) family 6 model 60 stepping 3, cmov, cx8, fxsr, mmx, sse, sse2, sse3, ssse3, sse4.1, sse4.2, popcnt, avx, avx2, aes, clmul, erms, lzcnt, ht, tsc, tscinvbit, bmi1, bmi2

Memory: 4k page, physical 33416048k(17501240k free), swap 38658928k(6024k free)

vm_info: OpenJDK 64-Bit Server VM (25.71-b00) for windows-amd64 JRE (1.8.0-adoptopenjdk-_2018_05_19_00_59-b00), built on May 19 2018 01:02:12 by "jenkins" with MS VC++ 10.0 (VS2010)

time: Fri Jun 14 14:28:00 2019
elapsed time: 0 seconds (0d 0h 0m 0s)

